-------------------------------------------------------------------------------
Test set: ru.netology.GameStoreTest
-------------------------------------------------------------------------------
Tests run: 1, Failures: 1, Errors: 0, Skipped: 0, Time elapsed: 0.372 s <<< FAILURE! - in ru.netology.GameStoreTest
shouldAddGame  Time elapsed: 0.224 s  <<< FAILURE!
org.opentest4j.AssertionFailedError: expected: <true> but was: <false>
	at ru.netology.GameStoreTest.shouldAddGame(GameStoreTest.java:14)

